{"synthetic": false,
 "schemaVersion": "2025-09-10",
 "outputs":
 {"o": ["1c903082b8dbf74e.olean"],
  "i": "0ffb23b135bc5d37.ilean",
  "c": "8899d31e69e6ac29.c"},
 "log":
 [{"message":
   ".> LEAN_PATH=C:\\Users\\Anubhav\\Downloads\\Lean4\\Arithmetic_Formalization\\.lake\\packages\\Cli\\.lake\\build\\lib\\lean;C:\\Users\\Anubhav\\Downloads\\Lean4\\Arithmetic_Formalization\\.lake\\packages\\batteries\\.lake\\build\\lib\\lean;C:\\Users\\Anubhav\\Downloads\\Lean4\\Arithmetic_Formalization\\.lake\\packages\\Qq\\.lake\\build\\lib\\lean;C:\\Users\\Anubhav\\Downloads\\Lean4\\Arithmetic_Formalization\\.lake\\packages\\aesop\\.lake\\build\\lib\\lean;C:\\Users\\Anubhav\\Downloads\\Lean4\\Arithmetic_Formalization\\.lake\\packages\\proofwidgets\\.lake\\build\\lib\\lean;C:\\Users\\Anubhav\\Downloads\\Lean4\\Arithmetic_Formalization\\.lake\\packages\\importGraph\\.lake\\build\\lib\\lean;C:\\Users\\Anubhav\\Downloads\\Lean4\\Arithmetic_Formalization\\.lake\\packages\\LeanSearchClient\\.lake\\build\\lib\\lean;C:\\Users\\Anubhav\\Downloads\\Lean4\\Arithmetic_Formalization\\.lake\\packages\\plausible\\.lake\\build\\lib\\lean;C:\\Users\\Anubhav\\Downloads\\Lean4\\Arithmetic_Formalization\\.lake\\packages\\mathlib\\.lake\\build\\lib\\lean;C:\\Users\\Anubhav\\Downloads\\Lean4\\Arithmetic_Formalization\\.lake\\build\\lib\\lean c:\\Users\\Anubhav\\.elan\\toolchains\\leanprover--lean4---v4.29.1\\bin\\lean.exe C:\\Users\\Anubhav\\Downloads\\Lean4\\Arithmetic_Formalization\\Arithmetic_Formalization\\Division.lean -o C:\\Users\\Anubhav\\Downloads\\Lean4\\Arithmetic_Formalization\\.lake\\build\\lib\\lean\\Arithmetic_Formalization\\Division.olean -i C:\\Users\\Anubhav\\Downloads\\Lean4\\Arithmetic_Formalization\\.lake\\build\\lib\\lean\\Arithmetic_Formalization\\Division.ilean -c C:\\Users\\Anubhav\\Downloads\\Lean4\\Arithmetic_Formalization\\.lake\\build\\ir\\Arithmetic_Formalization\\Division.c --setup C:\\Users\\Anubhav\\Downloads\\Lean4\\Arithmetic_Formalization\\.lake\\build\\ir\\Arithmetic_Formalization\\Division.setup.json --json",
   "level": "trace"},
  {"message": "Arithmetic_Formalization/Division.lean:24:0: 4",
   "level": "info"},
  {"message": "Arithmetic_Formalization/Division.lean:25:0: 9",
   "level": "info"},
  {"message": "Arithmetic_Formalization/Division.lean:58:0: ([6, 4, 2], 4)",
   "level": "info"},
  {"message": "Arithmetic_Formalization/Division.lean:64:0: ([3, 3], 1)",
   "level": "info"},
  {"message": "Arithmetic_Formalization/Division.lean:70:0: ([9, 9], 0)",
   "level": "info"},
  {"message":
   "Arithmetic_Formalization/Division.lean:86:2: 'simp [findQuotientDigit, findQuotientDigitHelper, mulTable_correct]\n  -- Case-split digit b (0-9), break open nested if-statements, and let omega solve boundaries' is a flexible tactic modifying '⊢'. Try 'simp?' and use the suggested 'simp only [...]'. Alternatively, use `suffices` to explicitly state the simplified form.\n\nNote: This linter can be disabled with `set_option linter.flexible false`",
   "level": "warning"},
  {"message":
   "Arithmetic_Formalization/Division.lean:88:2: 'fin_cases b' uses '⊢'!",
   "level": "info"},
  {"message":
   "Arithmetic_Formalization/Division.lean:188:0: Please, write a comment here or remove this line, but do not place empty lines within commands!\nContext:\n                ↓\n  ⏎        omega⏎⏎      -- The quotient digit satisfies:⏎\n\nNote: This linter can be disabled with `set_option linter.style.emptyLine false`",
   "level": "warning"}],
 "inputs":
 [["Arithmetic_Formalization.Division:deps",
   [["deps",
     [["Arithmetic_Formalization/Arithmetic_Formalization:extraDep",
       [["@Arithmetic_Formalization:extraDep", "00000000000006bb"]]],
      ["imports",
       [["Arithmetic_Formalization.Foundations transitive imports (legacy)",
         "7261709dcebcb679"],
        ["Arithmetic_Formalization.Foundations:importAllArts",
         "75f4cc24d7df6f12"],
        ["Arithmetic_Formalization.Multiplication transitive imports (legacy)",
         "96a0400f21aa3d35"],
        ["Arithmetic_Formalization.Multiplication:importAllArts",
         "9f616e2a8872cb91"]]]]],
    ["libs",
     [["import dynlibs", "00000000000006bb"],
      ["package external libraries", "00000000000006bb"],
      ["module dynlibs", "00000000000006bb"],
      ["module plugins", "00000000000006bb"]]]]],
  ["Lean 4.29.1, commit f72c35b3f637c8c6571d353742168ab66cc22c00",
   "fa77a35a41db35c0"],
  ["C:\\Users\\Anubhav\\Downloads\\Lean4\\Arithmetic_Formalization\\Arithmetic_Formalization\\Division.lean",
   "198007199a2006a6"],
  ["options",
   [["-DmaxSynthPendingDepth=3", "c78e353d34de85d4"],
    ["-Dweak.linter.mathlibStandardSet=true", "8a155799906f2b42"],
    ["-DrelaxedAutoImplicit=false", "74a2b5546b55be80"],
    ["-Dpp.unicode.fun=true", "9b94070140457fab"]]],
  ["isModule: false", "feefd2a0d3a1847e"],
  ["Module.name: Arithmetic_Formalization.Division", "10c339ef70638286"],
  ["Package.id?: (some Arithmetic_Formalization)", "f3655d0ef3df9223"],
  ["Module.leanArgs: #[]", "00000000000006bb"]],
 "depHash": "8a9120a46352df36"}