{"synthetic": false,
 "schemaVersion": "2025-09-10",
 "outputs":
 {"o": ["4a4d69e081e8b33b.olean"],
  "i": "d0acaa7cec6906f8.ilean",
  "c": "33f4125890c29de3.c"},
 "log":
 [{"message":
   ".> LEAN_PATH=C:\\Users\\Anubhav\\Downloads\\Lean4\\Arithmetic_Formalization\\.lake\\packages\\Cli\\.lake\\build\\lib\\lean;C:\\Users\\Anubhav\\Downloads\\Lean4\\Arithmetic_Formalization\\.lake\\packages\\batteries\\.lake\\build\\lib\\lean;C:\\Users\\Anubhav\\Downloads\\Lean4\\Arithmetic_Formalization\\.lake\\packages\\Qq\\.lake\\build\\lib\\lean;C:\\Users\\Anubhav\\Downloads\\Lean4\\Arithmetic_Formalization\\.lake\\packages\\aesop\\.lake\\build\\lib\\lean;C:\\Users\\Anubhav\\Downloads\\Lean4\\Arithmetic_Formalization\\.lake\\packages\\proofwidgets\\.lake\\build\\lib\\lean;C:\\Users\\Anubhav\\Downloads\\Lean4\\Arithmetic_Formalization\\.lake\\packages\\importGraph\\.lake\\build\\lib\\lean;C:\\Users\\Anubhav\\Downloads\\Lean4\\Arithmetic_Formalization\\.lake\\packages\\LeanSearchClient\\.lake\\build\\lib\\lean;C:\\Users\\Anubhav\\Downloads\\Lean4\\Arithmetic_Formalization\\.lake\\packages\\plausible\\.lake\\build\\lib\\lean;C:\\Users\\Anubhav\\Downloads\\Lean4\\Arithmetic_Formalization\\.lake\\packages\\mathlib\\.lake\\build\\lib\\lean;C:\\Users\\Anubhav\\Downloads\\Lean4\\Arithmetic_Formalization\\.lake\\build\\lib\\lean c:\\Users\\Anubhav\\.elan\\toolchains\\leanprover--lean4---v4.29.1\\bin\\lean.exe C:\\Users\\Anubhav\\Downloads\\Lean4\\Arithmetic_Formalization\\Arithmetic_Formalization\\Multiplication.lean -o C:\\Users\\Anubhav\\Downloads\\Lean4\\Arithmetic_Formalization\\.lake\\build\\lib\\lean\\Arithmetic_Formalization\\Multiplication.olean -i C:\\Users\\Anubhav\\Downloads\\Lean4\\Arithmetic_Formalization\\.lake\\build\\lib\\lean\\Arithmetic_Formalization\\Multiplication.ilean -c C:\\Users\\Anubhav\\Downloads\\Lean4\\Arithmetic_Formalization\\.lake\\build\\ir\\Arithmetic_Formalization\\Multiplication.c --setup C:\\Users\\Anubhav\\Downloads\\Lean4\\Arithmetic_Formalization\\.lake\\build\\ir\\Arithmetic_Formalization\\Multiplication.setup.json --json",
   "level": "trace"},
  {"message": "Arithmetic_Formalization/Multiplication.lean:95:0: (1, 2)",
   "level": "info"},
  {"message": "Arithmetic_Formalization/Multiplication.lean:96:0: (1, 8)",
   "level": "info"},
  {"message": "Arithmetic_Formalization/Multiplication.lean:97:0: (5, 2)",
   "level": "info"},
  {"message": "Arithmetic_Formalization/Multiplication.lean:98:0: (0, 0)",
   "level": "info"},
  {"message": "Arithmetic_Formalization/Multiplication.lean:143:0: 861",
   "level": "info"},
  {"message": "Arithmetic_Formalization/Multiplication.lean:150:0: 891",
   "level": "info"},
  {"message": "Arithmetic_Formalization/Multiplication.lean:157:0: 0",
   "level": "info"},
  {"message":
   "Arithmetic_Formalization/Multiplication.lean:176:4: 'simp [toNat]\n    -- 2. Substitute the inductive assumption for the tail 'ds'.' is a flexible tactic modifying '⊢'. Try 'simp?' and use the suggested 'simp only [...]'. Alternatively, use `suffices` to explicitly state the simplified form.\n\nNote: This linter can be disabled with `set_option linter.flexible false`",
   "level": "warning"},
  {"message":
   "Arithmetic_Formalization/Multiplication.lean:176:4: Try this:\n  [apply] simp only [List.cons_append, toNat_cons, List.length_cons]",
   "level": "info"},
  {"message":
   "Arithmetic_Formalization/Multiplication.lean:178:4: 'rw [ih]' uses '⊢'!",
   "level": "info"},
  {"message": "Arithmetic_Formalization/Multiplication.lean:253:0: 5535",
   "level": "info"},
  {"message": "Arithmetic_Formalization/Multiplication.lean:259:0: 9801",
   "level": "info"},
  {"message": "Arithmetic_Formalization/Multiplication.lean:265:0: 109593",
   "level": "info"},
  {"message": "Arithmetic_Formalization/Multiplication.lean:271:0: 0",
   "level": "info"},
  {"message":
   "Arithmetic_Formalization/Multiplication.lean:346:4: 'simp [verticalAdd_correct', partialProduct_correct, toNat]\n    -- Step 3: Now that the term is exposed, the generalized IH matches perfectly.' is a flexible tactic modifying '⊢'. Try 'simp?' and use the suggested 'simp only [...]'. Alternatively, use `suffices` to explicitly state the simplified form.\n\nNote: This linter can be disabled with `set_option linter.flexible false`",
   "level": "warning"},
  {"message":
   "Arithmetic_Formalization/Multiplication.lean:346:4: Try this:\n  [apply] simp only [toNat_cons]",
   "level": "info"},
  {"message":
   "Arithmetic_Formalization/Multiplication.lean:348:4: 'rw [ih (pos + 1)]' uses '⊢'!",
   "level": "info"}],
 "inputs":
 [["Arithmetic_Formalization.Multiplication:deps",
   [["deps",
     [["Arithmetic_Formalization/Arithmetic_Formalization:extraDep",
       [["@Arithmetic_Formalization:extraDep", "00000000000006bb"]]],
      ["imports",
       [["Arithmetic_Formalization.Foundations transitive imports (legacy)",
         "7261709dcebcb679"],
        ["Arithmetic_Formalization.Foundations:importAllArts",
         "75f4cc24d7df6f12"],
        ["Arithmetic_Formalization.Addition transitive imports (legacy)",
         "26870d1a39b59176"],
        ["Arithmetic_Formalization.Addition:importAllArts",
         "c8e72860bc16c773"]]]]],
    ["libs",
     [["import dynlibs", "00000000000006bb"],
      ["package external libraries", "00000000000006bb"],
      ["module dynlibs", "00000000000006bb"],
      ["module plugins", "00000000000006bb"]]]]],
  ["Lean 4.29.1, commit f72c35b3f637c8c6571d353742168ab66cc22c00",
   "fa77a35a41db35c0"],
  ["C:\\Users\\Anubhav\\Downloads\\Lean4\\Arithmetic_Formalization\\Arithmetic_Formalization\\Multiplication.lean",
   "b8ecf46907c2b30d"],
  ["options",
   [["-DmaxSynthPendingDepth=3", "c78e353d34de85d4"],
    ["-Dweak.linter.mathlibStandardSet=true", "8a155799906f2b42"],
    ["-DrelaxedAutoImplicit=false", "74a2b5546b55be80"],
    ["-Dpp.unicode.fun=true", "9b94070140457fab"]]],
  ["isModule: false", "feefd2a0d3a1847e"],
  ["Module.name: Arithmetic_Formalization.Multiplication", "980b7724f64b42b3"],
  ["Package.id?: (some Arithmetic_Formalization)", "f3655d0ef3df9223"],
  ["Module.leanArgs: #[]", "00000000000006bb"]],
 "depHash": "650fa2d89e20cae6"}